This file contains any messages produced by compilers while
running configure, to aid debugging if configure makes a mistake.

It was created by openocd configure 0.9.0, which was
generated by GNU Autoconf 2.69.  Invocation command line was

  $ ./configure 

## --------- ##
## Platform. ##
## --------- ##

hostname = g88
uname -m = x86_64
uname -r = 4.4.0-75-generic
uname -s = Linux
uname -v = #96-Ubuntu SMP Thu Apr 20 09:56:33 UTC 2017

/usr/bin/uname -p = unknown
/bin/uname -X     = unknown

/bin/arch              = unknown
/usr/bin/arch -k       = unknown
/usr/convex/getsysinfo = unknown
/usr/bin/hostinfo      = unknown
/bin/machine           = unknown
/usr/bin/oslevel       = unknown
/bin/universe          = unknown

PATH: /usr/local/sbin
PATH: /usr/local/bin
PATH: /usr/sbin
PATH: /usr/bin
PATH: /sbin
PATH: /bin
PATH: /usr/games
PATH: /usr/local/games
PATH: /snap/bin
PATH: /usr/lib/jvm/java-8-oracle/bin
PATH: /usr/lib/jvm/java-8-oracle/db/bin
PATH: /usr/lib/jvm/java-8-oracle/jre/bin


## ----------- ##
## Core tests. ##
## ----------- ##

configure:2579: checking for makeinfo
configure:2609: result: no
configure:2616: WARNING: Info documentation will not be built.
configure:2666: checking for a BSD-compatible install
configure:2734: result: /usr/bin/install -c
configure:2745: checking whether build environment is sane
configure:2800: result: yes
configure:2951: checking for a thread-safe mkdir -p
configure:2990: result: /bin/mkdir -p
configure:2997: checking for gawk
configure:3027: result: no
configure:2997: checking for mawk
configure:3013: found /usr/bin/mawk
configure:3024: result: mawk
configure:3035: checking whether make sets $(MAKE)
configure:3057: result: yes
configure:3086: checking whether make supports nested variables
configure:3103: result: yes
configure:3246: checking for gcc
configure:3262: found /usr/bin/gcc
configure:3273: result: gcc
configure:3502: checking for C compiler version
configure:3511: gcc --version >&5
gcc (Ubuntu 5.4.0-6ubuntu1~16.04.4) 5.4.0 20160609
Copyright (C) 2015 Free Software Foundation, Inc.
This is free software; see the source for copying conditions.  There is NO
warranty; not even for MERCHANTABILITY or FITNESS FOR A PARTICULAR PURPOSE.

configure:3522: $? = 0
configure:3511: gcc -v >&5
Using built-in specs.
COLLECT_GCC=gcc
COLLECT_LTO_WRAPPER=/usr/lib/gcc/x86_64-linux-gnu/5/lto-wrapper
Target: x86_64-linux-gnu
Configured with: ../src/configure -v --with-pkgversion='Ubuntu 5.4.0-6ubuntu1~16.04.4' --with-bugurl=file:///usr/share/doc/gcc-5/README.Bugs --enable-languages=c,ada,c++,java,go,d,fortran,objc,obj-c++ --prefix=/usr --program-suffix=-5 --enable-shared --enable-linker-build-id --libexecdir=/usr/lib --without-included-gettext --enable-threads=posix --libdir=/usr/lib --enable-nls --with-sysroot=/ --enable-clocale=gnu --enable-libstdcxx-debug --enable-libstdcxx-time=yes --with-default-libstdcxx-abi=new --enable-gnu-unique-object --disable-vtable-verify --enable-libmpx --enable-plugin --with-system-zlib --disable-browser-plugin --enable-java-awt=gtk --enable-gtk-cairo --with-java-home=/usr/lib/jvm/java-1.5.0-gcj-5-amd64/jre --enable-java-home --with-jvm-root-dir=/usr/lib/jvm/java-1.5.0-gcj-5-amd64 --with-jvm-jar-dir=/usr/lib/jvm-exports/java-1.5.0-gcj-5-amd64 --with-arch-directory=amd64 --with-ecj-jar=/usr/share/java/eclipse-ecj.jar --enable-objc-gc --enable-multiarch --disable-werror --with-arch-32=i686 --with-abi=m64 --with-multilib-list=m32,m64,mx32 --enable-multilib --with-tune=generic --enable-checking=release --build=x86_64-linux-gnu --host=x86_64-linux-gnu --target=x86_64-linux-gnu
Thread model: posix
gcc version 5.4.0 20160609 (Ubuntu 5.4.0-6ubuntu1~16.04.4) 
configure:3522: $? = 0
configure:3511: gcc -V >&5
gcc: error: unrecognized command line option '-V'
gcc: fatal error: no input files
compilation terminated.
configure:3522: $? = 1
configure:3511: gcc -qversion >&5
gcc: error: unrecognized command line option '-qversion'
gcc: fatal error: no input files
compilation terminated.
configure:3522: $? = 1
configure:3542: checking whether the C compiler works
configure:3564: gcc    conftest.c  >&5
configure:3568: $? = 0
configure:3616: result: yes
configure:3619: checking for C compiler default output file name
configure:3621: result: a.out
configure:3627: checking for suffix of executables
configure:3634: gcc -o conftest    conftest.c  >&5
configure:3638: $? = 0
configure:3660: result: 
configure:3682: checking whether we are cross compiling
configure:3690: gcc -o conftest    conftest.c  >&5
configure:3694: $? = 0
configure:3701: ./conftest
configure:3705: $? = 0
configure:3720: result: no
configure:3725: checking for suffix of object files
configure:3747: gcc -c   conftest.c >&5
configure:3751: $? = 0
configure:3772: result: o
configure:3776: checking whether we are using the GNU C compiler
configure:3795: gcc -c   conftest.c >&5
configure:3795: $? = 0
configure:3804: result: yes
configure:3813: checking whether gcc accepts -g
configure:3833: gcc -c -g  conftest.c >&5
configure:3833: $? = 0
configure:3874: result: yes
configure:3891: checking for gcc option to accept ISO C89
configure:3954: gcc  -c -g -O2  conftest.c >&5
configure:3954: $? = 0
configure:3967: result: none needed
configure:3998: checking for style of include used by make
configure:4026: result: GNU
configure:4052: checking dependency style of gcc
configure:4163: result: gcc3
configure:4178: checking for gcc option to accept ISO C99
configure:4327: gcc  -c -g -O2  conftest.c >&5
configure:4327: $? = 0
configure:4340: result: none needed
configure:4356: checking whether gcc and cc understand -c and -o together
configure:4387: gcc -c conftest.c -o conftest2.o >&5
configure:4391: $? = 0
configure:4397: gcc -c conftest.c -o conftest2.o >&5
configure:4401: $? = 0
configure:4412: cc -c conftest.c >&5
configure:4416: $? = 0
configure:4424: cc -c conftest.c -o conftest2.o >&5
configure:4428: $? = 0
configure:4434: cc -c conftest.c -o conftest2.o >&5
configure:4438: $? = 0
configure:4456: result: yes
configure:4524: checking for ranlib
configure:4540: found /usr/bin/ranlib
configure:4551: result: ranlib
configure:4627: checking for pkg-config
configure:4645: found /usr/bin/pkg-config
configure:4657: result: /usr/bin/pkg-config
configure:4682: checking pkg-config is at least version 0.23
configure:4685: result: yes
configure:4757: checking build system type
configure:4771: result: x86_64-unknown-linux-gnu
configure:4791: checking host system type
configure:4804: result: x86_64-unknown-linux-gnu
configure:4845: checking how to print strings
configure:4872: result: printf
configure:4893: checking for a sed that does not truncate output
configure:4957: result: /bin/sed
configure:4975: checking for grep that handles long lines and -e
configure:5033: result: /bin/grep
configure:5038: checking for egrep
configure:5100: result: /bin/grep -E
configure:5105: checking for fgrep
configure:5167: result: /bin/grep -F
configure:5202: checking for ld used by gcc
configure:5269: result: /usr/bin/ld
configure:5276: checking if the linker (/usr/bin/ld) is GNU ld
configure:5291: result: yes
configure:5303: checking for BSD- or MS-compatible name lister (nm)
configure:5352: result: /usr/bin/nm -B
configure:5482: checking the name lister (/usr/bin/nm -B) interface
configure:5489: gcc -c -g -O2  conftest.c >&5
configure:5492: /usr/bin/nm -B "conftest.o"
configure:5495: output
0000000000000000 B some_variable
configure:5502: result: BSD nm
configure:5505: checking whether ln -s works
configure:5509: result: yes
configure:5517: checking the maximum length of command line arguments
configure:5642: result: 1572864
configure:5659: checking whether the shell understands some XSI constructs
configure:5669: result: yes
configure:5673: checking whether the shell understands "+="
configure:5679: result: yes
configure:5714: checking how to convert x86_64-unknown-linux-gnu file names to x86_64-unknown-linux-gnu format
configure:5754: result: func_convert_file_noop
configure:5761: checking how to convert x86_64-unknown-linux-gnu file names to toolchain format
configure:5781: result: func_convert_file_noop
configure:5788: checking for /usr/bin/ld option to reload object files
configure:5795: result: -r
configure:5869: checking for objdump
configure:5885: found /usr/bin/objdump
configure:5896: result: objdump
configure:5928: checking how to recognize dependent libraries
configure:6130: result: pass_all
configure:6215: checking for dlltool
configure:6245: result: no
configure:6275: checking how to associate runtime and link libraries
configure:6302: result: printf %s\n
configure:6363: checking for ar
configure:6379: found /usr/bin/ar
configure:6390: result: ar
configure:6427: checking for archiver @FILE support
configure:6444: gcc -c -g -O2  conftest.c >&5
configure:6444: $? = 0
configure:6447: ar cru libconftest.a @conftest.lst >&5
ar: `u' modifier ignored since `D' is the default (see `U')
configure:6450: $? = 0
configure:6455: ar cru libconftest.a @conftest.lst >&5
ar: `u' modifier ignored since `D' is the default (see `U')
ar: conftest.o: No such file or directory
configure:6458: $? = 1
configure:6470: result: @
configure:6528: checking for strip
configure:6544: found /usr/bin/strip
configure:6555: result: strip
configure:6627: checking for ranlib
configure:6654: result: ranlib
configure:6756: checking command to parse /usr/bin/nm -B output from gcc object
configure:6875: gcc -c -g -O2  conftest.c >&5
configure:6878: $? = 0
configure:6882: /usr/bin/nm -B conftest.o \| sed -n -e 's/^.*[ ]\([ABCDGIRSTW][ABCDGIRSTW]*\)[ ][ ]*\([_A-Za-z][_A-Za-z0-9]*\)$/\1 \2 \2/p' | sed '/ __gnu_lto/d' \> conftest.nm
configure:6885: $? = 0
configure:6951: gcc -o conftest -g -O2   conftest.c conftstm.o >&5
configure:6954: $? = 0
configure:6992: result: ok
configure:7029: checking for sysroot
configure:7059: result: no
configure:7136: gcc -c -g -O2  conftest.c >&5
configure:7139: $? = 0
configure:7302: checking for mt
configure:7318: found /bin/mt
configure:7329: result: mt
configure:7352: checking if mt is a manifest tool
configure:7358: mt '-?'
configure:7366: result: no
configure:7998: checking how to run the C preprocessor
configure:8029: gcc -E  conftest.c
configure:8029: $? = 0
configure:8043: gcc -E  conftest.c
conftest.c:11:28: fatal error: ac_nonexistent.h: No such file or directory
compilation terminated.
configure:8043: $? = 1
configure: failed program was:
| /* confdefs.h */
| #define PACKAGE_NAME "openocd"
| #define PACKAGE_TARNAME "openocd"
| #define PACKAGE_VERSION "0.9.0"
| #define PACKAGE_STRING "openocd 0.9.0"
| #define PACKAGE_BUGREPORT "OpenOCD Mailing List <openocd-devel@lists.sourceforge.net>"
| #define PACKAGE_URL ""
| #define PACKAGE "openocd"
| #define VERSION "0.9.0"
| /* end confdefs.h.  */
| #include <ac_nonexistent.h>
configure:8068: result: gcc -E
configure:8088: gcc -E  conftest.c
configure:8088: $? = 0
configure:8102: gcc -E  conftest.c
conftest.c:11:28: fatal error: ac_nonexistent.h: No such file or directory
compilation terminated.
configure:8102: $? = 1
configure: failed program was:
| /* confdefs.h */
| #define PACKAGE_NAME "openocd"
| #define PACKAGE_TARNAME "openocd"
| #define PACKAGE_VERSION "0.9.0"
| #define PACKAGE_STRING "openocd 0.9.0"
| #define PACKAGE_BUGREPORT "OpenOCD Mailing List <openocd-devel@lists.sourceforge.net>"
| #define PACKAGE_URL ""
| #define PACKAGE "openocd"
| #define VERSION "0.9.0"
| /* end confdefs.h.  */
| #include <ac_nonexistent.h>
configure:8131: checking for ANSI C header files
configure:8151: gcc -c -g -O2  conftest.c >&5
configure:8151: $? = 0
configure:8224: gcc -o conftest -g -O2   conftest.c  >&5
configure:8224: $? = 0
configure:8224: ./conftest
configure:8224: $? = 0
configure:8235: result: yes
configure:8248: checking for sys/types.h
configure:8248: gcc -c -g -O2  conftest.c >&5
configure:8248: $? = 0
configure:8248: result: yes
configure:8248: checking for sys/stat.h
configure:8248: gcc -c -g -O2  conftest.c >&5
configure:8248: $? = 0
configure:8248: result: yes
configure:8248: checking for stdlib.h
configure:8248: gcc -c -g -O2  conftest.c >&5
configure:8248: $? = 0
configure:8248: result: yes
configure:8248: checking for string.h
configure:8248: gcc -c -g -O2  conftest.c >&5
configure:8248: $? = 0
configure:8248: result: yes
configure:8248: checking for memory.h
configure:8248: gcc -c -g -O2  conftest.c >&5
configure:8248: $? = 0
configure:8248: result: yes
configure:8248: checking for strings.h
configure:8248: gcc -c -g -O2  conftest.c >&5
configure:8248: $? = 0
configure:8248: result: yes
configure:8248: checking for inttypes.h
configure:8248: gcc -c -g -O2  conftest.c >&5
configure:8248: $? = 0
configure:8248: result: yes
configure:8248: checking for stdint.h
configure:8248: gcc -c -g -O2  conftest.c >&5
configure:8248: $? = 0
configure:8248: result: yes
configure:8248: checking for unistd.h
configure:8248: gcc -c -g -O2  conftest.c >&5
configure:8248: $? = 0
configure:8248: result: yes
configure:8262: checking for dlfcn.h
configure:8262: gcc -c -g -O2  conftest.c >&5
configure:8262: $? = 0
configure:8262: result: yes
configure:8419: checking for objdir
configure:8434: result: .libs
configure:8701: checking if gcc supports -fno-rtti -fno-exceptions
configure:8719: gcc -c -g -O2  -fno-rtti -fno-exceptions conftest.c >&5
cc1: warning: command line option '-fno-rtti' is valid for C++/ObjC++ but not for C
configure:8723: $? = 0
configure:8736: result: no
configure:9046: checking for gcc option to produce PIC
configure:9053: result: -fPIC -DPIC
configure:9061: checking if gcc PIC flag -fPIC -DPIC works
configure:9079: gcc -c -g -O2  -fPIC -DPIC -DPIC conftest.c >&5
configure:9083: $? = 0
configure:9096: result: yes
configure:9125: checking if gcc static flag -static works
configure:9153: result: yes
configure:9168: checking if gcc supports -c -o file.o
configure:9189: gcc -c -g -O2  -o out/conftest2.o conftest.c >&5
configure:9193: $? = 0
configure:9215: result: yes
configure:9223: checking if gcc supports -c -o file.o
configure:9270: result: yes
configure:9303: checking whether the gcc linker (/usr/bin/ld -m elf_x86_64) supports shared libraries
configure:10461: result: yes
configure:10706: checking dynamic linker characteristics
configure:11233: gcc -o conftest -g -O2   -Wl,-rpath -Wl,/foo conftest.c  >&5
configure:11233: $? = 0
configure:11455: result: GNU/Linux ld.so
configure:11562: checking how to hardcode library paths into programs
configure:11587: result: immediate
configure:12127: checking whether stripping libraries is possible
configure:12132: result: yes
configure:12167: checking if libtool supports shared libraries
configure:12169: result: yes
configure:12172: checking whether to build shared libraries
configure:12193: result: no
configure:12196: checking whether to build static libraries
configure:12200: result: yes
configure:12237: checking for an ANSI C-conforming const
configure:12303: gcc -c -g -O2  conftest.c >&5
configure:12303: $? = 0
configure:12310: result: yes
configure:12319: checking for unsigned long long int
configure:12367: result: yes
configure:12377: checking for long long int
configure:12427: result: yes
configure:12436: checking for library containing ioperm
configure:12467: gcc -o conftest -g -O2   conftest.c  >&5
configure:12467: $? = 0
configure:12484: result: none required
configure:12492: checking for library containing dlopen
configure:12523: gcc -o conftest -g -O2   conftest.c  >&5
/tmp/cciXCK8D.o: In function `main':
/home/g88/Downloads/openocd-0.9.0/conftest.c:36: undefined reference to `dlopen'
collect2: error: ld returned 1 exit status
configure:12523: $? = 1
configure: failed program was:
| /* confdefs.h */
| #define PACKAGE_NAME "openocd"
| #define PACKAGE_TARNAME "openocd"
| #define PACKAGE_VERSION "0.9.0"
| #define PACKAGE_STRING "openocd 0.9.0"
| #define PACKAGE_BUGREPORT "OpenOCD Mailing List <openocd-devel@lists.sourceforge.net>"
| #define PACKAGE_URL ""
| #define PACKAGE "openocd"
| #define VERSION "0.9.0"
| #define STDC_HEADERS 1
| #define HAVE_SYS_TYPES_H 1
| #define HAVE_SYS_STAT_H 1
| #define HAVE_STDLIB_H 1
| #define HAVE_STRING_H 1
| #define HAVE_MEMORY_H 1
| #define HAVE_STRINGS_H 1
| #define HAVE_INTTYPES_H 1
| #define HAVE_STDINT_H 1
| #define HAVE_UNISTD_H 1
| #define HAVE_DLFCN_H 1
| #define LT_OBJDIR ".libs/"
| #define HAVE_UNSIGNED_LONG_LONG_INT 1
| #define HAVE_LONG_LONG_INT 1
| /* end confdefs.h.  */
| 
| /* Override any GCC internal prototype to avoid an error.
|    Use char because int might match the return type of a GCC
|    builtin and then its argument prototype would still apply.  */
| #ifdef __cplusplus
| extern "C"
| #endif
| char dlopen ();
| int
| main ()
| {
| return dlopen ();
|   ;
|   return 0;
| }
configure:12523: gcc -o conftest -g -O2   conftest.c -ldl   >&5
configure:12523: $? = 0
configure:12540: result: -ldl
configure:12551: checking sys/socket.h usability
configure:12551: gcc -c -g -O2  conftest.c >&5
configure:12551: $? = 0
configure:12551: result: yes
configure:12551: checking sys/socket.h presence
configure:12551: gcc -E  conftest.c
configure:12551: $? = 0
configure:12551: result: yes
configure:12551: checking for sys/socket.h
configure:12551: result: yes
configure:12563: checking for arpa/inet.h
configure:12563: gcc -c -g -O2  conftest.c >&5
configure:12563: $? = 0
configure:12563: result: yes
configure:12588: checking elf.h usability
configure:12588: gcc -c -g -O2  conftest.c >&5
configure:12588: $? = 0
configure:12588: result: yes
configure:12588: checking elf.h presence
configure:12588: gcc -E  conftest.c
configure:12588: $? = 0
configure:12588: result: yes
configure:12588: checking for elf.h
configure:12588: result: yes
configure:12600: checking dirent.h usability
configure:12600: gcc -c -g -O2  conftest.c >&5
configure:12600: $? = 0
configure:12600: result: yes
configure:12600: checking dirent.h presence
configure:12600: gcc -E  conftest.c
configure:12600: $? = 0
configure:12600: result: yes
configure:12600: checking for dirent.h
configure:12600: result: yes
configure:12612: checking fcntl.h usability
configure:12612: gcc -c -g -O2  conftest.c >&5
configure:12612: $? = 0
configure:12612: result: yes
configure:12612: checking fcntl.h presence
configure:12612: gcc -E  conftest.c
configure:12612: $? = 0
configure:12612: result: yes
configure:12612: checking for fcntl.h
configure:12612: result: yes
configure:12624: checking for ifaddrs.h
configure:12624: gcc -c -g -O2  conftest.c >&5
configure:12624: $? = 0
configure:12624: result: yes
configure:12649: checking malloc.h usability
configure:12649: gcc -c -g -O2  conftest.c >&5
configure:12649: $? = 0
configure:12649: result: yes
configure:12649: checking malloc.h presence
configure:12649: gcc -E  conftest.c
configure:12649: $? = 0
configure:12649: result: yes
configure:12649: checking for malloc.h
configure:12649: result: yes
configure:12661: checking netdb.h usability
configure:12661: gcc -c -g -O2  conftest.c >&5
configure:12661: $? = 0
configure:12661: result: yes
configure:12661: checking netdb.h presence
configure:12661: gcc -E  conftest.c
configure:12661: $? = 0
configure:12661: result: yes
configure:12661: checking for netdb.h
configure:12661: result: yes
configure:12673: checking for netinet/in.h
configure:12673: gcc -c -g -O2  conftest.c >&5
configure:12673: $? = 0
configure:12673: result: yes
configure:12698: checking for netinet/tcp.h
configure:12698: gcc -c -g -O2  conftest.c >&5
configure:12698: $? = 0
configure:12698: result: yes
configure:12723: checking pthread.h usability
configure:12723: gcc -c -g -O2  conftest.c >&5
configure:12723: $? = 0
configure:12723: result: yes
configure:12723: checking pthread.h presence
configure:12723: gcc -E  conftest.c
configure:12723: $? = 0
configure:12723: result: yes
configure:12723: checking for pthread.h
configure:12723: result: yes
configure:12735: checking for strings.h
configure:12735: result: yes
configure:12747: checking sys/ioctl.h usability
configure:12747: gcc -c -g -O2  conftest.c >&5
configure:12747: $? = 0
configure:12747: result: yes
configure:12747: checking sys/ioctl.h presence
configure:12747: gcc -E  conftest.c
configure:12747: $? = 0
configure:12747: result: yes
configure:12747: checking for sys/ioctl.h
configure:12747: result: yes
configure:12759: checking sys/param.h usability
configure:12759: gcc -c -g -O2  conftest.c >&5
configure:12759: $? = 0
configure:12759: result: yes
configure:12759: checking sys/param.h presence
configure:12759: gcc -E  conftest.c
configure:12759: $? = 0
configure:12759: result: yes
configure:12759: checking for sys/param.h
configure:12759: result: yes
configure:12771: checking sys/poll.h usability
configure:12771: gcc -c -g -O2  conftest.c >&5
configure:12771: $? = 0
configure:12771: result: yes
configure:12771: checking sys/poll.h presence
configure:12771: gcc -E  conftest.c
configure:12771: $? = 0
configure:12771: result: yes
configure:12771: checking for sys/poll.h
configure:12771: result: yes
configure:12783: checking sys/select.h usability
configure:12783: gcc -c -g -O2  conftest.c >&5
configure:12783: $? = 0
configure:12783: result: yes
configure:12783: checking sys/select.h presence
configure:12783: gcc -E  conftest.c
configure:12783: $? = 0
configure:12783: result: yes
configure:12783: checking for sys/select.h
configure:12783: result: yes
configure:12795: checking for sys/stat.h
configure:12795: result: yes
configure:12807: checking sys/time.h usability
configure:12807: gcc -c -g -O2  conftest.c >&5
configure:12807: $? = 0
configure:12807: result: yes
configure:12807: checking sys/time.h presence
configure:12807: gcc -E  conftest.c
configure:12807: $? = 0
configure:12807: result: yes
configure:12807: checking for sys/time.h
configure:12807: result: yes
configure:12819: checking for sys/types.h
configure:12819: result: yes
configure:12831: checking for unistd.h
configure:12831: result: yes
configure:12843: checking for net/if.h
configure:12843: gcc -c -g -O2  conftest.c >&5
configure:12843: $? = 0
configure:12843: result: yes
configure:12868: checking whether to enable assertions
configure:12886: result: yes
configure:12889: checking for stdbool.h that conforms to C99
configure:12956: gcc -c -g -O2  conftest.c >&5
configure:12956: $? = 0
configure:12963: result: yes
configure:12965: checking for _Bool
configure:12965: gcc -c -g -O2  conftest.c >&5
configure:12965: $? = 0
configure:12965: gcc -c -g -O2  conftest.c >&5
conftest.c: In function 'main':
conftest.c:82:20: error: expected expression before ')' token
 if (sizeof ((_Bool)))
                    ^
configure:12965: $? = 1
configure: failed program was:
| /* confdefs.h */
| #define PACKAGE_NAME "openocd"
| #define PACKAGE_TARNAME "openocd"
| #define PACKAGE_VERSION "0.9.0"
| #define PACKAGE_STRING "openocd 0.9.0"
| #define PACKAGE_BUGREPORT "OpenOCD Mailing List <openocd-devel@lists.sourceforge.net>"
| #define PACKAGE_URL ""
| #define PACKAGE "openocd"
| #define VERSION "0.9.0"
| #define STDC_HEADERS 1
| #define HAVE_SYS_TYPES_H 1
| #define HAVE_SYS_STAT_H 1
| #define HAVE_STDLIB_H 1
| #define HAVE_STRING_H 1
| #define HAVE_MEMORY_H 1
| #define HAVE_STRINGS_H 1
| #define HAVE_INTTYPES_H 1
| #define HAVE_STDINT_H 1
| #define HAVE_UNISTD_H 1
| #define HAVE_DLFCN_H 1
| #define LT_OBJDIR ".libs/"
| #define HAVE_UNSIGNED_LONG_LONG_INT 1
| #define HAVE_LONG_LONG_INT 1
| #define HAVE_SYS_SOCKET_H 1
| #define HAVE_ARPA_INET_H 1
| #define HAVE_ELF_H 1
| #define HAVE_DIRENT_H 1
| #define HAVE_FCNTL_H 1
| #define HAVE_IFADDRS_H 1
| #define HAVE_MALLOC_H 1
| #define HAVE_NETDB_H 1
| #define HAVE_NETINET_IN_H 1
| #define HAVE_NETINET_TCP_H 1
| #define HAVE_PTHREAD_H 1
| #define HAVE_STRINGS_H 1
| #define HAVE_SYS_IOCTL_H 1
| #define HAVE_SYS_PARAM_H 1
| #define HAVE_SYS_POLL_H 1
| #define HAVE_SYS_SELECT_H 1
| #define HAVE_SYS_STAT_H 1
| #define HAVE_SYS_TIME_H 1
| #define HAVE_SYS_TYPES_H 1
| #define HAVE_UNISTD_H 1
| #define HAVE_NET_IF_H 1
| /* end confdefs.h.  */
| #include <stdio.h>
| #ifdef HAVE_SYS_TYPES_H
| # include <sys/types.h>
| #endif
| #ifdef HAVE_SYS_STAT_H
| # include <sys/stat.h>
| #endif
| #ifdef STDC_HEADERS
| # include <stdlib.h>
| # include <stddef.h>
| #else
| # ifdef HAVE_STDLIB_H
| #  include <stdlib.h>
| # endif
| #endif
| #ifdef HAVE_STRING_H
| # if !defined STDC_HEADERS && defined HAVE_MEMORY_H
| #  include <memory.h>
| # endif
| # include <string.h>
| #endif
| #ifdef HAVE_STRINGS_H
| # include <strings.h>
| #endif
| #ifdef HAVE_INTTYPES_H
| # include <inttypes.h>
| #endif
| #ifdef HAVE_STDINT_H
| # include <stdint.h>
| #endif
| #ifdef HAVE_UNISTD_H
| # include <unistd.h>
| #endif
| int
| main ()
| {
| if (sizeof ((_Bool)))
| 	    return 0;
|   ;
|   return 0;
| }
configure:12965: result: yes
configure:12982: checking whether time.h and sys/time.h may both be included
configure:13002: gcc -c -g -O2  conftest.c >&5
configure:13002: $? = 0
configure:13009: result: yes
configure:13018: checking whether byte ordering is bigendian
configure:13033: gcc -c -g -O2  conftest.c >&5
conftest.c:50:9: error: unknown type name 'not'
         not a universal capable compiler
         ^
conftest.c:50:15: error: expected '=', ',', ';', 'asm' or '__attribute__' before 'universal'
         not a universal capable compiler
               ^
conftest.c:50:15: error: unknown type name 'universal'
configure:13033: $? = 1
configure: failed program was:
| /* confdefs.h */
| #define PACKAGE_NAME "openocd"
| #define PACKAGE_TARNAME "openocd"
| #define PACKAGE_VERSION "0.9.0"
| #define PACKAGE_STRING "openocd 0.9.0"
| #define PACKAGE_BUGREPORT "OpenOCD Mailing List <openocd-devel@lists.sourceforge.net>"
| #define PACKAGE_URL ""
| #define PACKAGE "openocd"
| #define VERSION "0.9.0"
| #define STDC_HEADERS 1
| #define HAVE_SYS_TYPES_H 1
| #define HAVE_SYS_STAT_H 1
| #define HAVE_STDLIB_H 1
| #define HAVE_STRING_H 1
| #define HAVE_MEMORY_H 1
| #define HAVE_STRINGS_H 1
| #define HAVE_INTTYPES_H 1
| #define HAVE_STDINT_H 1
| #define HAVE_UNISTD_H 1
| #define HAVE_DLFCN_H 1
| #define LT_OBJDIR ".libs/"
| #define HAVE_UNSIGNED_LONG_LONG_INT 1
| #define HAVE_LONG_LONG_INT 1
| #define HAVE_SYS_SOCKET_H 1
| #define HAVE_ARPA_INET_H 1
| #define HAVE_ELF_H 1
| #define HAVE_DIRENT_H 1
| #define HAVE_FCNTL_H 1
| #define HAVE_IFADDRS_H 1
| #define HAVE_MALLOC_H 1
| #define HAVE_NETDB_H 1
| #define HAVE_NETINET_IN_H 1
| #define HAVE_NETINET_TCP_H 1
| #define HAVE_PTHREAD_H 1
| #define HAVE_STRINGS_H 1
| #define HAVE_SYS_IOCTL_H 1
| #define HAVE_SYS_PARAM_H 1
| #define HAVE_SYS_POLL_H 1
| #define HAVE_SYS_SELECT_H 1
| #define HAVE_SYS_STAT_H 1
| #define HAVE_SYS_TIME_H 1
| #define HAVE_SYS_TYPES_H 1
| #define HAVE_UNISTD_H 1
| #define HAVE_NET_IF_H 1
| #define HAVE__BOOL 1
| #define HAVE_STDBOOL_H 1
| #define TIME_WITH_SYS_TIME 1
| /* end confdefs.h.  */
| #ifndef __APPLE_CC__
| 	       not a universal capable compiler
| 	     #endif
| 	     typedef int dummy;
| 
configure:13078: gcc -c -g -O2  conftest.c >&5
configure:13078: $? = 0
configure:13096: gcc -c -g -O2  conftest.c >&5
conftest.c: In function 'main':
conftest.c:56:4: error: unknown type name 'not'
    not big endian
    ^
conftest.c:56:12: error: expected '=', ',', ';', 'asm' or '__attribute__' before 'endian'
    not big endian
            ^
configure:13096: $? = 1
configure: failed program was:
| /* confdefs.h */
| #define PACKAGE_NAME "openocd"
| #define PACKAGE_TARNAME "openocd"
| #define PACKAGE_VERSION "0.9.0"
| #define PACKAGE_STRING "openocd 0.9.0"
| #define PACKAGE_BUGREPORT "OpenOCD Mailing List <openocd-devel@lists.sourceforge.net>"
| #define PACKAGE_URL ""
| #define PACKAGE "openocd"
| #define VERSION "0.9.0"
| #define STDC_HEADERS 1
| #define HAVE_SYS_TYPES_H 1
| #define HAVE_SYS_STAT_H 1
| #define HAVE_STDLIB_H 1
| #define HAVE_STRING_H 1
| #define HAVE_MEMORY_H 1
| #define HAVE_STRINGS_H 1
| #define HAVE_INTTYPES_H 1
| #define HAVE_STDINT_H 1
| #define HAVE_UNISTD_H 1
| #define HAVE_DLFCN_H 1
| #define LT_OBJDIR ".libs/"
| #define HAVE_UNSIGNED_LONG_LONG_INT 1
| #define HAVE_LONG_LONG_INT 1
| #define HAVE_SYS_SOCKET_H 1
| #define HAVE_ARPA_INET_H 1
| #define HAVE_ELF_H 1
| #define HAVE_DIRENT_H 1
| #define HAVE_FCNTL_H 1
| #define HAVE_IFADDRS_H 1
| #define HAVE_MALLOC_H 1
| #define HAVE_NETDB_H 1
| #define HAVE_NETINET_IN_H 1
| #define HAVE_NETINET_TCP_H 1
| #define HAVE_PTHREAD_H 1
| #define HAVE_STRINGS_H 1
| #define HAVE_SYS_IOCTL_H 1
| #define HAVE_SYS_PARAM_H 1
| #define HAVE_SYS_POLL_H 1
| #define HAVE_SYS_SELECT_H 1
| #define HAVE_SYS_STAT_H 1
| #define HAVE_SYS_TIME_H 1
| #define HAVE_SYS_TYPES_H 1
| #define HAVE_UNISTD_H 1
| #define HAVE_NET_IF_H 1
| #define HAVE__BOOL 1
| #define HAVE_STDBOOL_H 1
| #define TIME_WITH_SYS_TIME 1
| /* end confdefs.h.  */
| #include <sys/types.h>
| 		#include <sys/param.h>
| 
| int
| main ()
| {
| #if BYTE_ORDER != BIG_ENDIAN
| 		 not big endian
| 		#endif
| 
|   ;
|   return 0;
| }
configure:13224: result: no
configure:13245: checking for strndup
configure:13245: gcc -o conftest -g -O2   conftest.c -ldl  >&5
conftest.c:72:6: warning: conflicting types for built-in function 'strndup'
 char strndup ();
      ^
configure:13245: $? = 0
configure:13245: result: yes
configure:13256: checking for strnlen
configure:13256: gcc -o conftest -g -O2   conftest.c -ldl  >&5
configure:13256: $? = 0
configure:13256: result: yes
configure:13267: checking for gettimeofday
configure:13267: gcc -o conftest -g -O2   conftest.c -ldl  >&5
configure:13267: $? = 0
configure:13267: result: yes
configure:13278: checking for usleep
configure:13278: gcc -o conftest -g -O2   conftest.c -ldl  >&5
configure:13278: $? = 0
configure:13278: result: yes
configure:13289: checking for vasprintf
configure:13289: gcc -o conftest -g -O2   conftest.c -ldl  >&5
configure:13289: $? = 0
configure:13289: result: yes
configure:13307: checking whether to build a release
configure:13314: result: yes
configure:13452: checking whether to build Doxygen as HTML
configure:13454: result: yes
configure:13465: checking whether to build Doxygen as PDF
configure:13467: result: no
configure:13527: checking whether to enable verbose JTAG I/O messages
configure:13529: result: no
configure:13537: checking whether to enable verbose USB I/O messages
configure:13539: result: no
configure:13547: checking whether to enable verbose USB communication messages
configure:13549: result: no
configure:13564: checking whether to enable malloc free space logging
configure:13566: result: no
configure:13917: checking whether to enable ZY1000 minidriver
configure:13928: result: no
configure:13939: checking whether to enable dummy minidriver
configure:13953: result: no
configure:13956: checking whether standard drivers can be built
configure:13965: result: yes
configure:15120: checking for LIBUSB1
configure:15127: $PKG_CONFIG --exists --print-errors "libusb-1.0"
Package libusb-1.0 was not found in the pkg-config search path.
Perhaps you should add the directory containing `libusb-1.0.pc'
to the PKG_CONFIG_PATH environment variable
No package 'libusb-1.0' found
configure:15130: $? = 1
configure:15144: $PKG_CONFIG --exists --print-errors "libusb-1.0"
Package libusb-1.0 was not found in the pkg-config search path.
Perhaps you should add the directory containing `libusb-1.0.pc'
to the PKG_CONFIG_PATH environment variable
No package 'libusb-1.0' found
configure:15147: $? = 1
configure:15161: result: no
No package 'libusb-1.0' found
configure:15179: WARNING: libusb-1.x not found, trying legacy libusb-0.1 as a fallback; consider installing libusb-1.x instead
configure:15221: checking for LIBUSB0
configure:15228: $PKG_CONFIG --exists --print-errors "libusb"
Package libusb was not found in the pkg-config search path.
Perhaps you should add the directory containing `libusb.pc'
to the PKG_CONFIG_PATH environment variable
No package 'libusb' found
configure:15231: $? = 1
configure:15245: $PKG_CONFIG --exists --print-errors "libusb"
Package libusb was not found in the pkg-config search path.
Perhaps you should add the directory containing `libusb.pc'
to the PKG_CONFIG_PATH environment variable
No package 'libusb' found
configure:15248: $? = 1
configure:15262: result: no
No package 'libusb' found
configure:15294: checking for HIDAPI
configure:15301: $PKG_CONFIG --exists --print-errors "$hidapi_lib"
Package hidapi was not found in the pkg-config search path.
Perhaps you should add the directory containing `hidapi.pc'
to the PKG_CONFIG_PATH environment variable
No package 'hidapi' found
configure:15304: $? = 1
configure:15318: $PKG_CONFIG --exists --print-errors "$hidapi_lib"
Package hidapi was not found in the pkg-config search path.
Perhaps you should add the directory containing `hidapi.pc'
to the PKG_CONFIG_PATH environment variable
No package 'hidapi' found
configure:15321: $? = 1
configure:15335: result: no
No package 'hidapi' found
configure:15294: checking for HIDAPI
configure:15301: $PKG_CONFIG --exists --print-errors "$hidapi_lib"
Package hidapi-hidraw was not found in the pkg-config search path.
Perhaps you should add the directory containing `hidapi-hidraw.pc'
to the PKG_CONFIG_PATH environment variable
No package 'hidapi-hidraw' found
configure:15304: $? = 1
configure:15318: $PKG_CONFIG --exists --print-errors "$hidapi_lib"
Package hidapi-hidraw was not found in the pkg-config search path.
Perhaps you should add the directory containing `hidapi-hidraw.pc'
to the PKG_CONFIG_PATH environment variable
No package 'hidapi-hidraw' found
configure:15321: $? = 1
configure:15335: result: no
No package 'hidapi-hidraw' found
configure:15294: checking for HIDAPI
configure:15301: $PKG_CONFIG --exists --print-errors "$hidapi_lib"
Package hidapi-libusb was not found in the pkg-config search path.
Perhaps you should add the directory containing `hidapi-libusb.pc'
to the PKG_CONFIG_PATH environment variable
No package 'hidapi-libusb' found
configure:15304: $? = 1
configure:15318: $PKG_CONFIG --exists --print-errors "$hidapi_lib"
Package hidapi-libusb was not found in the pkg-config search path.
Perhaps you should add the directory containing `hidapi-libusb.pc'
to the PKG_CONFIG_PATH environment variable
No package 'hidapi-libusb' found
configure:15321: $? = 1
configure:15335: result: no
No package 'hidapi-libusb' found
configure:16055: checking for environ in unistd.h and stdlib.h
configure:16073: gcc -c -g -O2  conftest.c >&5
configure:16073: $? = 0
configure:16075: result: yes
configure:16260: checking that generated files are newer than configure
configure:16266: result: done
configure:16498: creating ./config.status

## ---------------------- ##
## Running config.status. ##
## ---------------------- ##

This file was extended by openocd config.status 0.9.0, which was
generated by GNU Autoconf 2.69.  Invocation command line was

  CONFIG_FILES    = 
  CONFIG_HEADERS  = 
  CONFIG_LINKS    = 
  CONFIG_COMMANDS = 
  $ ./config.status 

on g88

config.status:1279: creating Makefile
config.status:1279: creating src/Makefile
config.status:1279: creating src/helper/Makefile
config.status:1279: creating src/jtag/Makefile
config.status:1279: creating src/jtag/drivers/Makefile
config.status:1279: creating src/jtag/drivers/usb_blaster/Makefile
config.status:1279: creating src/jtag/hla/Makefile
config.status:1279: creating src/jtag/aice/Makefile
config.status:1279: creating src/transport/Makefile
config.status:1279: creating src/target/openrisc/Makefile
config.status:1279: creating src/xsvf/Makefile
config.status:1279: creating src/svf/Makefile
config.status:1279: creating src/target/Makefile
config.status:1279: creating src/rtos/Makefile
config.status:1279: creating src/server/Makefile
config.status:1279: creating src/flash/Makefile
config.status:1279: creating src/flash/nor/Makefile
config.status:1279: creating src/flash/nand/Makefile
config.status:1279: creating src/pld/Makefile
config.status:1279: creating doc/Makefile
config.status:1279: creating config.h
config.status:1508: executing depfiles commands
config.status:1508: executing libtool commands
configure:18808: === configuring in jimtcl (/home/g88/Downloads/openocd-0.9.0/jimtcl)
configure:18871: running /bin/bash ./configure.gnu --disable-option-checking '--prefix=/usr/local'  --cache-file=/dev/null --srcdir=.

## ---------------- ##
## Cache variables. ##
## ---------------- ##

ac_cv_build=x86_64-unknown-linux-gnu
ac_cv_c_bigendian=no
ac_cv_c_compiler_gnu=yes
ac_cv_c_const=yes
ac_cv_env_CC_set=
ac_cv_env_CC_value=
ac_cv_env_CFLAGS_set=
ac_cv_env_CFLAGS_value=
ac_cv_env_CPPFLAGS_set=
ac_cv_env_CPPFLAGS_value=
ac_cv_env_CPP_set=
ac_cv_env_CPP_value=
ac_cv_env_HIDAPI_CFLAGS_set=
ac_cv_env_HIDAPI_CFLAGS_value=
ac_cv_env_HIDAPI_LIBS_set=
ac_cv_env_HIDAPI_LIBS_value=
ac_cv_env_LDFLAGS_set=
ac_cv_env_LDFLAGS_value=
ac_cv_env_LIBFTDI_CFLAGS_set=
ac_cv_env_LIBFTDI_CFLAGS_value=
ac_cv_env_LIBFTDI_LIBS_set=
ac_cv_env_LIBFTDI_LIBS_value=
ac_cv_env_LIBS_set=
ac_cv_env_LIBS_value=
ac_cv_env_LIBUSB0_CFLAGS_set=
ac_cv_env_LIBUSB0_CFLAGS_value=
ac_cv_env_LIBUSB0_LIBS_set=
ac_cv_env_LIBUSB0_LIBS_value=
ac_cv_env_LIBUSB1_CFLAGS_set=
ac_cv_env_LIBUSB1_CFLAGS_value=
ac_cv_env_LIBUSB1_LIBS_set=
ac_cv_env_LIBUSB1_LIBS_value=
ac_cv_env_PKG_CONFIG_LIBDIR_set=
ac_cv_env_PKG_CONFIG_LIBDIR_value=
ac_cv_env_PKG_CONFIG_PATH_set=
ac_cv_env_PKG_CONFIG_PATH_value=
ac_cv_env_PKG_CONFIG_set=
ac_cv_env_PKG_CONFIG_value=
ac_cv_env_build_alias_set=
ac_cv_env_build_alias_value=
ac_cv_env_host_alias_set=
ac_cv_env_host_alias_value=
ac_cv_env_target_alias_set=
ac_cv_env_target_alias_value=
ac_cv_func_gettimeofday=yes
ac_cv_func_strndup=yes
ac_cv_func_strnlen=yes
ac_cv_func_usleep=yes
ac_cv_func_vasprintf=yes
ac_cv_header_arpa_inet_h=yes
ac_cv_header_dirent_h=yes
ac_cv_header_dlfcn_h=yes
ac_cv_header_elf_h=yes
ac_cv_header_fcntl_h=yes
ac_cv_header_ifaddrs_h=yes
ac_cv_header_inttypes_h=yes
ac_cv_header_malloc_h=yes
ac_cv_header_memory_h=yes
ac_cv_header_net_if_h=yes
ac_cv_header_netdb_h=yes
ac_cv_header_netinet_in_h=yes
ac_cv_header_netinet_tcp_h=yes
ac_cv_header_pthread_h=yes
ac_cv_header_stdbool_h=yes
ac_cv_header_stdc=yes
ac_cv_header_stdint_h=yes
ac_cv_header_stdlib_h=yes
ac_cv_header_string_h=yes
ac_cv_header_strings_h=yes
ac_cv_header_sys_ioctl_h=yes
ac_cv_header_sys_param_h=yes
ac_cv_header_sys_poll_h=yes
ac_cv_header_sys_select_h=yes
ac_cv_header_sys_socket_h=yes
ac_cv_header_sys_stat_h=yes
ac_cv_header_sys_time_h=yes
ac_cv_header_sys_types_h=yes
ac_cv_header_time=yes
ac_cv_header_unistd_h=yes
ac_cv_host=x86_64-unknown-linux-gnu
ac_cv_objext=o
ac_cv_path_EGREP='/bin/grep -E'
ac_cv_path_FGREP='/bin/grep -F'
ac_cv_path_GREP=/bin/grep
ac_cv_path_SED=/bin/sed
ac_cv_path_ac_pt_PKG_CONFIG=/usr/bin/pkg-config
ac_cv_path_install='/usr/bin/install -c'
ac_cv_path_mkdir=/bin/mkdir
ac_cv_prog_AWK=mawk
ac_cv_prog_CPP='gcc -E'
ac_cv_prog_ac_ct_AR=ar
ac_cv_prog_ac_ct_CC=gcc
ac_cv_prog_ac_ct_MANIFEST_TOOL=mt
ac_cv_prog_ac_ct_OBJDUMP=objdump
ac_cv_prog_ac_ct_RANLIB=ranlib
ac_cv_prog_ac_ct_STRIP=strip
ac_cv_prog_cc_c89=
ac_cv_prog_cc_c99=
ac_cv_prog_cc_g=yes
ac_cv_prog_cc_gcc_c_o=yes
ac_cv_prog_make_make_set=yes
ac_cv_search_dlopen=-ldl
ac_cv_search_ioperm='none required'
ac_cv_type__Bool=yes
ac_cv_type_long_long_int=yes
ac_cv_type_unsigned_long_long_int=yes
am_cv_CC_dependencies_compiler_type=gcc3
am_cv_make_support_nested_variables=yes
lt_cv_ar_at_file=@
lt_cv_deplibs_check_method=pass_all
lt_cv_file_magic_cmd='$MAGIC_CMD'
lt_cv_file_magic_test_file=
lt_cv_ld_reload_flag=-r
lt_cv_nm_interface='BSD nm'
lt_cv_objdir=.libs
lt_cv_path_LD=/usr/bin/ld
lt_cv_path_NM='/usr/bin/nm -B'
lt_cv_path_mainfest_tool=no
lt_cv_prog_compiler_c_o=yes
lt_cv_prog_compiler_pic='-fPIC -DPIC'
lt_cv_prog_compiler_pic_works=yes
lt_cv_prog_compiler_rtti_exceptions=no
lt_cv_prog_compiler_static_works=yes
lt_cv_prog_gnu_ld=yes
lt_cv_sharedlib_from_linklib_cmd='printf %s\n'
lt_cv_shlibpath_overrides_runpath=no
lt_cv_sys_global_symbol_pipe='sed -n -e '\''s/^.*[	 ]\([ABCDGIRSTW][ABCDGIRSTW]*\)[	 ][	 ]*\([_A-Za-z][_A-Za-z0-9]*\)$/\1 \2 \2/p'\'' | sed '\''/ __gnu_lto/d'\'''
lt_cv_sys_global_symbol_to_c_name_address='sed -n -e '\''s/^: \([^ ]*\)[ ]*$/  {\"\1\", (void *) 0},/p'\'' -e '\''s/^[ABCDGIRSTW]* \([^ ]*\) \([^ ]*\)$/  {"\2", (void *) \&\2},/p'\'''
lt_cv_sys_global_symbol_to_c_name_address_lib_prefix='sed -n -e '\''s/^: \([^ ]*\)[ ]*$/  {\"\1\", (void *) 0},/p'\'' -e '\''s/^[ABCDGIRSTW]* \([^ ]*\) \(lib[^ ]*\)$/  {"\2", (void *) \&\2},/p'\'' -e '\''s/^[ABCDGIRSTW]* \([^ ]*\) \([^ ]*\)$/  {"lib\2", (void *) \&\2},/p'\'''
lt_cv_sys_global_symbol_to_cdecl='sed -n -e '\''s/^T .* \(.*\)$/extern int \1();/p'\'' -e '\''s/^[ABCDGIRSTW]* .* \(.*\)$/extern char \1;/p'\'''
lt_cv_sys_max_cmd_len=1572864
lt_cv_to_host_file_cmd=func_convert_file_noop
lt_cv_to_tool_file_cmd=func_convert_file_noop

## ----------------- ##
## Output variables. ##
## ----------------- ##

ACLOCAL='${SHELL} /home/g88/Downloads/openocd-0.9.0/missing aclocal-1.13'
AICE_FALSE=''
AICE_TRUE='#'
AMDEPBACKSLASH='\'
AMDEP_FALSE='#'
AMDEP_TRUE=''
AMTAR='$${TAR-tar}'
AMTJTAGACCEL_FALSE=''
AMTJTAGACCEL_TRUE='#'
AM_BACKSLASH='\'
AM_DEFAULT_V='$(AM_DEFAULT_VERBOSITY)'
AM_DEFAULT_VERBOSITY='1'
AM_V='$(V)'
AR='ar'
ARMJTAGEW_FALSE=''
ARMJTAGEW_TRUE='#'
AT91RM9200_FALSE=''
AT91RM9200_TRUE='#'
AUTOCONF='${SHELL} /home/g88/Downloads/openocd-0.9.0/missing autoconf'
AUTOHEADER='${SHELL} /home/g88/Downloads/openocd-0.9.0/missing autoheader'
AUTOMAKE='${SHELL} /home/g88/Downloads/openocd-0.9.0/missing automake-1.13'
AWK='mawk'
BCM2835GPIO_FALSE=''
BCM2835GPIO_TRUE='#'
BITBANG_FALSE=''
BITBANG_TRUE='#'
BITQ_FALSE=''
BITQ_TRUE='#'
BUSPIRATE_FALSE=''
BUSPIRATE_TRUE='#'
CC='gcc'
CCDEPMODE='depmode=gcc3'
CFLAGS='-g -O2 -Wall -Wstrict-prototypes -Wformat-security -Wshadow -Wextra -Wno-unused-parameter -Wbad-function-cast -Wcast-align -Wredundant-decls -Werror'
CMSIS_DAP_FALSE=''
CMSIS_DAP_TRUE='#'
CPP='gcc -E'
CPPFLAGS=''
CYGPATH_W='echo'
DEFS='-DHAVE_CONFIG_H'
DEPDIR='.deps'
DLLTOOL='false'
DSYMUTIL=''
DUMMY_FALSE=''
DUMMY_TRUE='#'
DUMPBIN=''
ECHO_C=''
ECHO_N='-n'
ECHO_T=''
EGREP='/bin/grep -E'
EP93XX_FALSE=''
EP93XX_TRUE='#'
EXEEXT=''
FGREP='/bin/grep -F'
FT2232_DRIVER_FALSE=''
FT2232_DRIVER_TRUE='#'
FT2232_LIBFTDI_FALSE=''
FT2232_LIBFTDI_TRUE='#'
FTDI_FALSE=''
FTDI_TRUE='#'
GIVEIO_FALSE=''
GIVEIO_TRUE='#'
GREP='/bin/grep'
GW16012_FALSE=''
GW16012_TRUE='#'
HIDAPI_CFLAGS=''
HIDAPI_LIBS=''
HLADAPTER_FALSE=''
HLADAPTER_ICDI_FALSE=''
HLADAPTER_ICDI_TRUE='#'
HLADAPTER_STLINK_FALSE=''
HLADAPTER_STLINK_TRUE='#'
HLADAPTER_TRUE='#'
INSTALL_DATA='${INSTALL} -m 644'
INSTALL_PROGRAM='${INSTALL}'
INSTALL_SCRIPT='${INSTALL}'
INSTALL_STRIP_PROGRAM='$(install_sh) -c -s'
INTERNAL_JIMTCL_FALSE='#'
INTERNAL_JIMTCL_TRUE=''
IOUTIL_FALSE=''
IOUTIL_TRUE='#'
IS_CYGWIN_FALSE=''
IS_CYGWIN_TRUE='#'
IS_DARWIN_FALSE=''
IS_DARWIN_TRUE='#'
IS_MINGW_FALSE=''
IS_MINGW_TRUE='#'
IS_WIN32_FALSE=''
IS_WIN32_TRUE='#'
JLINK_FALSE=''
JLINK_TRUE='#'
JTAG_VPI_FALSE=''
JTAG_VPI_TRUE='#'
LD='/usr/bin/ld -m elf_x86_64'
LDFLAGS=''
LIBFTDI_CFLAGS=''
LIBFTDI_LIBS=''
LIBOBJS=''
LIBS='-ldl '
LIBTOOL='$(SHELL) $(top_builddir)/libtool'
LIBTOOL_DEPS='./ltmain.sh'
LIBUSB0_CFLAGS=''
LIBUSB0_LIBS=''
LIBUSB1_CFLAGS=''
LIBUSB1_LIBS=''
LIPO=''
LN_S='ln -s'
LTLIBOBJS=''
MAKEINFO='echo makeinfo missing; true'
MANIFEST_TOOL=':'
MINIDRIVER_DUMMY_FALSE=''
MINIDRIVER_DUMMY_TRUE='#'
MINIDRIVER_FALSE=''
MINIDRIVER_TRUE='#'
MKDIR_P='/bin/mkdir -p'
NM='/usr/bin/nm -B'
NMEDIT=''
OBJDUMP='objdump'
OBJEXT='o'
OOCD_TRACE_FALSE=''
OOCD_TRACE_TRUE='#'
OPENDOUS_FALSE=''
OPENDOUS_TRUE='#'
OPENJTAG_FALSE=''
OPENJTAG_TRUE='#'
OSBDM_FALSE=''
OSBDM_TRUE='#'
OTOOL64=''
OTOOL=''
PACKAGE='openocd'
PACKAGE_BUGREPORT='OpenOCD Mailing List <openocd-devel@lists.sourceforge.net>'
PACKAGE_NAME='openocd'
PACKAGE_STRING='openocd 0.9.0'
PACKAGE_TARNAME='openocd'
PACKAGE_URL=''
PACKAGE_VERSION='0.9.0'
PARPORT_FALSE=''
PARPORT_TRUE='#'
PATH_SEPARATOR=':'
PKG_CONFIG='/usr/bin/pkg-config'
PKG_CONFIG_LIBDIR=''
PKG_CONFIG_PATH=''
PRESTO_DRIVER_FALSE=''
PRESTO_DRIVER_TRUE='#'
PRESTO_LIBFTDI_FALSE=''
PRESTO_LIBFTDI_TRUE='#'
RANLIB='ranlib'
RELEASE_FALSE='#'
RELEASE_TRUE=''
REMOTE_BITBANG_FALSE=''
REMOTE_BITBANG_TRUE='#'
RLINK_FALSE=''
RLINK_TRUE='#'
SED='/bin/sed'
SET_MAKE=''
SHELL='/bin/bash'
STRIP='strip'
SYSFSGPIO_FALSE=''
SYSFSGPIO_TRUE='#'
ULINK_FALSE=''
ULINK_TRUE='#'
USBPROG_FALSE=''
USBPROG_TRUE='#'
USB_BLASTER_2_FALSE=''
USB_BLASTER_2_TRUE='#'
USB_BLASTER_DRIVER_FALSE=''
USB_BLASTER_DRIVER_TRUE='#'
USB_BLASTER_FTD2XX_FALSE=''
USB_BLASTER_FTD2XX_TRUE='#'
USB_BLASTER_LIBFTDI_FALSE=''
USB_BLASTER_LIBFTDI_TRUE='#'
USE_LIBUSB0_FALSE=''
USE_LIBUSB0_TRUE='#'
USE_LIBUSB1_FALSE=''
USE_LIBUSB1_TRUE='#'
VERSION='0.9.0'
VSLLINK_FALSE=''
VSLLINK_TRUE='#'
ZY1000_FALSE=''
ZY1000_MASTER_FALSE=''
ZY1000_MASTER_TRUE='#'
ZY1000_TRUE='#'
ac_ct_AR='ar'
ac_ct_CC='gcc'
ac_ct_DUMPBIN=''
am__EXEEXT_FALSE=''
am__EXEEXT_TRUE='#'
am__fastdepCC_FALSE='#'
am__fastdepCC_TRUE=''
am__include='include'
am__isrc=''
am__leading_dot='.'
am__nodep='_no'
am__quote=''
am__tar='$${TAR-tar} chof - "$$tardir"'
am__untar='$${TAR-tar} xf -'
bindir='${exec_prefix}/bin'
build='x86_64-unknown-linux-gnu'
build_alias=''
build_cpu='x86_64'
build_os='linux-gnu'
build_vendor='unknown'
datadir='${datarootdir}'
datarootdir='${prefix}/share'
docdir='${datarootdir}/doc/${PACKAGE_TARNAME}'
doxygen_as_html='yes'
doxygen_as_pdf='no'
dvidir='${docdir}'
exec_prefix='${prefix}'
host='x86_64-unknown-linux-gnu'
host_alias=''
host_cpu='x86_64'
host_os='linux-gnu'
host_vendor='unknown'
htmldir='${docdir}'
includedir='${prefix}/include'
infodir='${datarootdir}/info'
install_sh='${SHELL} /home/g88/Downloads/openocd-0.9.0/install-sh'
libdir='${exec_prefix}/lib'
libexecdir='${exec_prefix}/libexec'
localedir='${datarootdir}/locale'
localstatedir='${prefix}/var'
mandir='${datarootdir}/man'
mkdir_p='$(MKDIR_P)'
oldincludedir='/usr/include'
pdfdir='${docdir}'
prefix='/usr/local'
program_transform_name='s,x,x,'
psdir='${docdir}'
sbindir='${exec_prefix}/sbin'
sharedstatedir='${prefix}/com'
subdirs=' jimtcl'
sysconfdir='${prefix}/etc'
target_alias=''

## ----------- ##
## confdefs.h. ##
## ----------- ##

/* confdefs.h */
#define PACKAGE_NAME "openocd"
#define PACKAGE_TARNAME "openocd"
#define PACKAGE_VERSION "0.9.0"
#define PACKAGE_STRING "openocd 0.9.0"
#define PACKAGE_BUGREPORT "OpenOCD Mailing List <openocd-devel@lists.sourceforge.net>"
#define PACKAGE_URL ""
#define PACKAGE "openocd"
#define VERSION "0.9.0"
#define STDC_HEADERS 1
#define HAVE_SYS_TYPES_H 1
#define HAVE_SYS_STAT_H 1
#define HAVE_STDLIB_H 1
#define HAVE_STRING_H 1
#define HAVE_MEMORY_H 1
#define HAVE_STRINGS_H 1
#define HAVE_INTTYPES_H 1
#define HAVE_STDINT_H 1
#define HAVE_UNISTD_H 1
#define HAVE_DLFCN_H 1
#define LT_OBJDIR ".libs/"
#define HAVE_UNSIGNED_LONG_LONG_INT 1
#define HAVE_LONG_LONG_INT 1
#define HAVE_SYS_SOCKET_H 1
#define HAVE_ARPA_INET_H 1
#define HAVE_ELF_H 1
#define HAVE_DIRENT_H 1
#define HAVE_FCNTL_H 1
#define HAVE_IFADDRS_H 1
#define HAVE_MALLOC_H 1
#define HAVE_NETDB_H 1
#define HAVE_NETINET_IN_H 1
#define HAVE_NETINET_TCP_H 1
#define HAVE_PTHREAD_H 1
#define HAVE_STRINGS_H 1
#define HAVE_SYS_IOCTL_H 1
#define HAVE_SYS_PARAM_H 1
#define HAVE_SYS_POLL_H 1
#define HAVE_SYS_SELECT_H 1
#define HAVE_SYS_STAT_H 1
#define HAVE_SYS_TIME_H 1
#define HAVE_SYS_TYPES_H 1
#define HAVE_UNISTD_H 1
#define HAVE_NET_IF_H 1
#define HAVE__BOOL 1
#define HAVE_STDBOOL_H 1
#define TIME_WITH_SYS_TIME 1
#define HAVE_STRNDUP 1
#define HAVE_STRNLEN 1
#define HAVE_GETTIMEOFDAY 1
#define HAVE_USLEEP 1
#define HAVE_VASPRINTF 1
#define IS_CYGWIN 0
#define IS_WIN32 0
#define IS_DARWIN 0
#define BUILD_PARPORT 0
#define BUILD_DUMMY 0
#define BUILD_EP93XX 0
#define BUILD_ZY1000 0
#define BUILD_ZY1000_MASTER 0
#define BUILD_AT91RM9200 0
#define BUILD_BCM2835GPIO 0
#define PARPORT_USE_PPDEV 1
#define PARPORT_USE_GIVEIO 0
#define BUILD_BITBANG 0
#define BUILD_FT2232_LIBFTDI 0
#define BUILD_FT2232_FTD2XX 0
#define BUILD_USB_BLASTER_LIBFTDI 0
#define BUILD_JTAG_VPI 0
#define BUILD_USB_BLASTER_FTD2XX 0
#define BUILD_AMTJTAGACCEL 0
#define BUILD_GW16012 0
#define BUILD_PRESTO_LIBFTDI 0
#define BUILD_PRESTO_FTD2XX 0
#define BUILD_BITQ 0
#define BUILD_OPENJTAG 0
#define BUILD_OPENJTAG_FTD2XX 0
#define BUILD_OPENJTAG_LIBFTDI 0
#define BUILD_OOCD_TRACE 0
#define BUILD_BUSPIRATE 0
#define BUILD_REMOTE_BITBANG 0
#define BUILD_SYSFSGPIO 0
#define BUILD_HLADAPTER 0
#define _GNU_SOURCE 1

configure: exit 0
